mode: set
github.com/arunpariyar/gopherguides-intro-to-go/week04/assignment04.go:26.66,28.14 1 1
github.com/arunpariyar/gopherguides-intro-to-go/week04/assignment04.go:32.2,32.23 1 1
github.com/arunpariyar/gopherguides-intro-to-go/week04/assignment04.go:36.2,39.33 2 1
github.com/arunpariyar/gopherguides-intro-to-go/week04/assignment04.go:56.2,56.12 1 1
github.com/arunpariyar/gopherguides-intro-to-go/week04/assignment04.go:28.14,30.3 1 0
github.com/arunpariyar/gopherguides-intro-to-go/week04/assignment04.go:32.23,34.3 1 0
github.com/arunpariyar/gopherguides-intro-to-go/week04/assignment04.go:39.33,40.37 1 1
github.com/arunpariyar/gopherguides-intro-to-go/week04/assignment04.go:46.3,46.44 1 1
github.com/arunpariyar/gopherguides-intro-to-go/week04/assignment04.go:50.3,50.40 1 1
github.com/arunpariyar/gopherguides-intro-to-go/week04/assignment04.go:40.37,41.39 1 1
github.com/arunpariyar/gopherguides-intro-to-go/week04/assignment04.go:41.39,43.5 1 0
github.com/arunpariyar/gopherguides-intro-to-go/week04/assignment04.go:46.44,48.4 1 0
github.com/arunpariyar/gopherguides-intro-to-go/week04/assignment04.go:50.40,51.42 1 1
github.com/arunpariyar/gopherguides-intro-to-go/week04/assignment04.go:51.42,53.5 1 0
github.com/arunpariyar/gopherguides-intro-to-go/week04/assignment04.go:63.29,65.2 1 1
github.com/arunpariyar/gopherguides-intro-to-go/week04/assignment04.go:67.38,71.2 3 1
github.com/arunpariyar/gopherguides-intro-to-go/week04/assignment04.go:73.39,77.2 3 1
github.com/arunpariyar/gopherguides-intro-to-go/week04/assignment04.go:83.33,85.2 1 1
github.com/arunpariyar/gopherguides-intro-to-go/week04/assignment04.go:87.40,91.2 3 1
github.com/arunpariyar/gopherguides-intro-to-go/week04/assignment04.go:93.42,97.2 3 1
github.com/arunpariyar/gopherguides-intro-to-go/week04/assignment04.go:99.14,101.2 0 0
